2021-03-09 21:59:17,398 INFO c.BaseTest [main] Драйвер UP
2021-03-09 22:02:11,200 INFO c.BaseTest [main] Драйвер UP
2021-03-09 22:02:35,735 INFO c.BaseTest [main] Драйвер DOWN
2021-03-09 22:04:04,440 INFO c.BaseTest [main] Драйвер UP
2021-03-09 22:04:24,151 INFO c.BaseTest [main] Драйвер DOWN
2021-03-09 22:08:29,514 INFO c.BaseTest [main] Драйвер UP
2021-03-09 22:08:36,182 INFO c.BaseTest [main] Нажали на кнопку Войти
2021-03-09 22:08:36,569 INFO c.BaseTest [main] Ввели почтовый адрес пользователя
2021-03-09 22:08:36,686 INFO c.BaseTest [main] Нажали на кнопку войти из модального окна
2021-03-09 22:08:37,133 INFO c.BaseTest [main] Ввели пароль пользователя
2021-03-09 22:08:37,298 INFO c.BaseTest [main] Нажали на кнопку войти из модального окна
2021-03-09 22:08:53,314 INFO c.BaseTest [main] Драйвер DOWN
2021-03-09 22:12:14,649 INFO c.BaseTest [main] Драйвер UP
2021-03-09 22:12:19,532 INFO c.BaseTest [main] Нажали на кнопку Войти
2021-03-09 22:12:19,849 INFO c.BaseTest [main] Ввели почтовый адрес пользователя
2021-03-09 22:12:19,977 INFO c.BaseTest [main] Нажали на кнопку войти из модального окна
2021-03-09 22:12:20,359 INFO c.BaseTest [main] Ввели пароль пользователя
2021-03-09 22:12:20,476 INFO c.BaseTest [main] Нажали на кнопку войти из модального окна
2021-03-09 22:12:36,349 INFO c.BaseTest [main] Драйвер DOWN
2021-03-09 22:23:57,109 INFO c.BaseTest [main] Драйвер UP
2021-03-09 22:24:01,442 INFO c.BaseTest [main] Нажали на кнопку Войти
2021-03-09 22:24:01,718 INFO c.BaseTest [main] Ввели почтовый адрес пользователя
2021-03-09 22:24:01,821 INFO c.BaseTest [main] Нажали на кнопку войти из модального окна
2021-03-09 22:24:02,190 INFO c.BaseTest [main] Ввели пароль пользователя
2021-03-09 22:24:02,298 INFO c.BaseTest [main] Нажали на кнопку войти из модального окна
2021-03-09 22:24:04,918 INFO c.BaseTest [main] Нашли письмо от введенного автора и открыли его
2021-03-09 22:25:50,672 INFO c.BaseTest [main] Драйвер UP
2021-03-09 22:25:57,589 INFO c.BaseTest [main] Нажали на кнопку Войти
2021-03-09 22:25:57,851 INFO c.BaseTest [main] Ввели почтовый адрес пользователя
2021-03-09 22:25:57,978 INFO c.BaseTest [main] Нажали на кнопку войти из модального окна
2021-03-09 22:25:58,355 INFO c.BaseTest [main] Ввели пароль пользователя
2021-03-09 22:25:58,457 INFO c.BaseTest [main] Нажали на кнопку войти из модального окна
2021-03-09 22:26:01,211 INFO c.BaseTest [main] Нашли письмо от введенного автора и открыли его
2021-03-09 22:29:24,261 INFO c.BaseTest [main] Драйвер UP
2021-03-09 22:29:28,632 INFO c.BaseTest [main] Нажали на кнопку Войти
2021-03-09 22:29:28,911 INFO c.BaseTest [main] Ввели почтовый адрес пользователя
2021-03-09 22:29:29,029 INFO c.BaseTest [main] Нажали на кнопку войти из модального окна
2021-03-09 22:29:29,407 INFO c.BaseTest [main] Ввели пароль пользователя
2021-03-09 22:29:29,519 INFO c.BaseTest [main] Нажали на кнопку войти из модального окна
2021-03-09 22:29:32,056 INFO c.BaseTest [main] Нашли письмо от введенного автора и открыли его
2021-03-09 22:29:32,420 INFO c.BaseTest [main] Проверили что автор, содержимое и тема письма идентична заданным значениям
2021-03-09 22:29:32,541 INFO c.BaseTest [main] Нажали на кнопку аватарки
2021-03-09 22:29:33,393 INFO c.BaseTest [main] Нажали на кнопку выхода из сервиса Яндекса
2021-03-09 22:29:33,447 INFO c.BaseTest [main] Проверили что разлогирование прошло успешно
2021-03-09 22:29:33,627 INFO c.BaseTest [main] Драйвер DOWN
2021-03-09 22:30:30,495 INFO c.BaseTest [main] Драйвер UP
2021-03-09 22:30:34,868 INFO c.BaseTest [main] Нажали на кнопку Войти
2021-03-09 22:30:35,160 INFO c.BaseTest [main] Ввели почтовый адрес пользователя
2021-03-09 22:30:35,272 INFO c.BaseTest [main] Нажали на кнопку войти из модального окна
2021-03-09 22:30:35,648 INFO c.BaseTest [main] Ввели пароль пользователя
2021-03-09 22:30:35,758 INFO c.BaseTest [main] Нажали на кнопку войти из модального окна
2021-03-09 22:30:38,460 INFO c.BaseTest [main] Нашли письмо от введенного автора и открыли его
2021-03-09 22:30:38,829 INFO c.BaseTest [main] Проверили что автор, содержимое и тема письма идентична заданным значениям
2021-03-09 22:30:38,966 INFO c.BaseTest [main] Нажали на кнопку аватарки
2021-03-09 22:30:39,986 INFO c.BaseTest [main] Нажали на кнопку выхода из сервиса Яндекса
2021-03-09 22:31:00,375 INFO c.BaseTest [main] Драйвер UP
2021-03-09 22:31:04,644 INFO c.BaseTest [main] Нажали на кнопку Войти
2021-03-09 22:31:04,926 INFO c.BaseTest [main] Ввели почтовый адрес пользователя
2021-03-09 22:31:05,054 INFO c.BaseTest [main] Нажали на кнопку войти из модального окна
2021-03-09 22:31:05,529 INFO c.BaseTest [main] Ввели пароль пользователя
2021-03-09 22:31:05,639 INFO c.BaseTest [main] Нажали на кнопку войти из модального окна
2021-03-09 22:31:08,367 INFO c.BaseTest [main] Нашли письмо от введенного автора и открыли его
2021-03-09 22:31:08,730 INFO c.BaseTest [main] Проверили что автор, содержимое и тема письма идентична заданным значениям
2021-03-09 22:31:08,850 INFO c.BaseTest [main] Нажали на кнопку аватарки
2021-03-09 22:31:09,675 INFO c.BaseTest [main] Нажали на кнопку выхода из сервиса Яндекса
2021-03-09 22:31:09,734 INFO c.BaseTest [main] Проверили что разлогирование прошло успешно
2021-03-09 22:31:09,918 INFO c.BaseTest [main] Драйвер DOWN
2021-03-09 22:31:24,642 INFO c.BaseTest [main] Драйвер UP
2021-03-09 22:31:29,081 INFO c.BaseTest [main] Нажали на кнопку Войти
2021-03-09 22:31:29,375 INFO c.BaseTest [main] Ввели почтовый адрес пользователя
2021-03-09 22:31:29,494 INFO c.BaseTest [main] Нажали на кнопку войти из модального окна
2021-03-09 22:31:29,868 INFO c.BaseTest [main] Ввели пароль пользователя
2021-03-09 22:31:29,978 INFO c.BaseTest [main] Нажали на кнопку войти из модального окна
2021-03-09 22:31:32,710 INFO c.BaseTest [main] Нашли письмо от введенного автора и открыли его
2021-03-09 22:31:51,302 INFO c.BaseTest [main] Драйвер UP
2021-03-09 22:31:55,679 INFO c.BaseTest [main] Нажали на кнопку Войти
2021-03-09 22:31:55,974 INFO c.BaseTest [main] Ввели почтовый адрес пользователя
2021-03-09 22:31:56,114 INFO c.BaseTest [main] Нажали на кнопку войти из модального окна
2021-03-09 22:31:56,493 INFO c.BaseTest [main] Ввели пароль пользователя
2021-03-09 22:31:56,610 INFO c.BaseTest [main] Нажали на кнопку войти из модального окна
2021-03-09 22:31:59,297 INFO c.BaseTest [main] Нашли письмо от введенного автора и открыли его
2021-03-09 22:31:59,633 INFO c.BaseTest [main] Проверили что автор, содержимое и тема письма идентична заданным значениям
2021-03-09 22:31:59,743 INFO c.BaseTest [main] Нажали на кнопку аватарки
2021-03-09 22:32:00,540 INFO c.BaseTest [main] Нажали на кнопку выхода из сервиса Яндекса
2021-03-09 22:32:00,595 INFO c.BaseTest [main] Проверили что разлогирование прошло успешно
2021-03-09 22:32:00,784 INFO c.BaseTest [main] Драйвер DOWN
2021-03-09 22:40:46,755 INFO c.BaseTest [main] Драйвер UP
2021-03-09 22:40:51,204 INFO c.BaseTest [main] Нажали на кнопку Войти
2021-03-09 22:40:51,501 INFO c.BaseTest [main] Ввели почтовый адрес пользователя
2021-03-09 22:40:51,616 INFO c.BaseTest [main] Нажали на кнопку войти из модального окна
2021-03-09 22:40:51,984 INFO c.BaseTest [main] Ввели пароль пользователя
2021-03-09 22:40:52,110 INFO c.BaseTest [main] Нажали на кнопку войти из модального окна
2021-03-09 22:40:54,959 INFO c.BaseTest [main] Нашли письмо от введенного автора и открыли его
2021-03-09 22:40:55,532 INFO c.BaseTest [main] Проверили что автор, содержимое и тема письма идентична заданным значениям
2021-03-09 22:40:55,634 INFO c.BaseTest [main] Нажали на кнопку аватарки
2021-03-09 22:40:56,539 INFO c.BaseTest [main] Нажали на кнопку выхода из сервиса Яндекса
2021-03-09 22:40:56,586 INFO c.BaseTest [main] Проверили что разлогирование прошло успешно
2021-03-09 22:40:56,759 INFO c.BaseTest [main] Драйвер DOWN
2021-03-09 22:43:32,728 INFO c.BaseTest [main] Драйвер UP
2021-03-09 22:43:36,828 INFO c.BaseTest [main] Нажали на кнопку Войти
2021-03-09 22:43:37,080 INFO c.BaseTest [main] Ввели почтовый адрес пользователя
2021-03-09 22:43:37,191 INFO c.BaseTest [main] Нажали на кнопку войти из модального окна
2021-03-09 22:43:37,549 INFO c.BaseTest [main] Ввели пароль пользователя
2021-03-09 22:43:37,655 INFO c.BaseTest [main] Нажали на кнопку войти из модального окна
2021-03-09 22:43:40,084 INFO c.BaseTest [main] Нашли письмо от введенного автора и открыли его
2021-03-09 22:43:40,564 INFO c.BaseTest [main] Проверили что автор, содержимое и тема письма идентична заданным значениям
2021-03-09 22:43:40,665 INFO c.BaseTest [main] Нажали на кнопку аватарки
2021-03-09 22:43:41,534 INFO c.BaseTest [main] Нажали на кнопку выхода из сервиса Яндекса
2021-03-09 22:43:41,574 INFO c.BaseTest [main] Проверили что разлогирование прошло успешно
2021-03-09 22:43:41,745 INFO c.BaseTest [main] Драйвер DOWN
2021-03-09 23:12:03,450 INFO c.BaseTest [main] Драйвер UP
2021-03-09 23:12:08,803 INFO c.BaseTest [main] Нажали на кнопку Войти
2021-03-09 23:12:08,961 INFO c.BaseTest [main] Ввели почтовый адрес пользователя
2021-03-09 23:12:09,075 INFO c.BaseTest [main] Нажали на кнопку войти из модального окна
2021-03-09 23:12:09,449 INFO c.BaseTest [main] Ввели пароль пользователя
2021-03-09 23:12:09,549 INFO c.BaseTest [main] Нажали на кнопку войти из модального окна
2021-03-09 23:12:11,993 INFO c.BaseTest [main] Нашли письмо от введенного автора и открыли его
2021-03-09 23:12:12,380 INFO c.BaseTest [main] Проверили что автор, содержимое и тема письма идентична заданным значениям
2021-03-09 23:12:12,488 INFO c.BaseTest [main] Нажали на кнопку аватарки
2021-03-09 23:12:13,373 INFO c.BaseTest [main] Нажали на кнопку выхода из сервиса Яндекса
2021-03-09 23:12:13,427 INFO c.BaseTest [main] Проверили что разлогирование прошло успешно
2021-03-09 23:12:13,593 INFO c.BaseTest [main] Драйвер DOWN
